<?xml version="1.0" encoding="UTF-8"?>
<!-- Generated by org.testng.reporters.JUnitReportReporter -->
<testsuite hostname="DESKTOP-G3DD0U6" name="com.zoho.qa.tests.HomePageTest" tests="2" failures="0" timestamp="9 Feb 2020 11:15:46 GMT" time="72.759" errors="0">
  <testcase name="clickOnInventoryPageTest" time="72.734" classname="com.zoho.qa.tests.HomePageTest"/>
  <testcase name="validateHomePageTitleTest" time="0.025" classname="com.zoho.qa.tests.HomePageTest"/>
</testsuite> <!-- com.zoho.qa.tests.HomePageTest -->
