<?xml version="1.0" encoding="UTF-8"?>
<!-- Generated by org.testng.reporters.JUnitReportReporter -->
<testsuite hostname="DESKTOP-G3DD0U6" name="com.zoho.qa.tests.LoginPageTest" tests="3" failures="0" timestamp="8 Feb 2020 11:31:49 GMT" time="16.061" errors="0">
  <testcase name="enterUnTest" time="1.255" classname="com.zoho.qa.tests.LoginPageTest"/>
  <testcase name="loginPageTitleTest" time="9.979" classname="com.zoho.qa.tests.LoginPageTest"/>
  <testcase name="enterPwdTest" time="4.827" classname="com.zoho.qa.tests.LoginPageTest"/>
</testsuite> <!-- com.zoho.qa.tests.LoginPageTest -->
