<?xml version="1.0" encoding="UTF-8"?>
<!-- Generated by org.testng.reporters.JUnitReportReporter -->
<testsuite hostname="DESKTOP-G3DD0U6" name="com.zoho.qa.tests.WebsiteFirstPageTest" tests="3" failures="0" timestamp="8 Feb 2020 11:10:29 GMT" time="25.922" errors="0">
  <testcase name="pageLogoTest" time="0.132" classname="com.zoho.qa.tests.WebsiteFirstPageTest"/>
  <testcase name="pageTitleTest" time="0.036" classname="com.zoho.qa.tests.WebsiteFirstPageTest"/>
  <testcase name="Test" time="25.754" classname="com.zoho.qa.tests.WebsiteFirstPageTest"/>
</testsuite> <!-- com.zoho.qa.tests.WebsiteFirstPageTest -->
