<?xml version="1.0" encoding="UTF-8"?>
<!-- Generated by org.testng.reporters.JUnitReportReporter -->
<testsuite hostname="DESKTOP-G3DD0U6" name="com.zoho.qa.tests.InventoryPageTest" tests="4" failures="0" timestamp="10 Feb 2020 13:20:08 GMT" time="2.783" errors="0">
  <testcase name="clickOnItemsGroupTest" time="2.399" classname="com.zoho.qa.tests.InventoryPageTest"/>
  <testcase name="clickOnNewTest" time="0.182" classname="com.zoho.qa.tests.InventoryPageTest"/>
  <testcase name="validatePageTitleTest" time="0.056" classname="com.zoho.qa.tests.InventoryPageTest"/>
  <testcase name="clickOnItemsTest" time="0.146" classname="com.zoho.qa.tests.InventoryPageTest"/>
</testsuite> <!-- com.zoho.qa.tests.InventoryPageTest -->
